<?xml version="1.0" encoding="UTF-8"?>
<!-- Generated by org.testng.reporters.JUnitReportReporter -->
<testsuite skipped="0" hostname="SYSTEM" name="framework_Testng.Beforeclass_Afterclass" tests="1" failures="0" timestamp="2022-12-20T15:09:04 GMT+10:00" time="0.007" errors="0">
  <testcase name="f" time="0.007" classname="framework_Testng.Beforeclass_Afterclass"/>
  <system-out/>
</testsuite> <!-- framework_Testng.Beforeclass_Afterclass -->
