<?xml version="1.0" encoding="UTF-8"?>
<!-- Generated by org.testng.reporters.JUnitReportReporter -->
<testsuite skipped="0" hostname="SYSTEM" name="before_Test_After_Test.TestSuite2" tests="4" failures="0" timestamp="2022-12-28T13:05:34 GMT+10:00" time="0.018" errors="0">
  <testcase name="tc0007" time="0.002" classname="before_Test_After_Test.TestSuite2"/>
  <system-out/>
  <testcase name="tc0005" time="0.010" classname="before_Test_After_Test.TestSuite2"/>
  <system-out/>
  <testcase name="tc0006" time="0.002" classname="before_Test_After_Test.TestSuite2"/>
  <system-out/>
  <testcase name="tc0008" time="0.004" classname="before_Test_After_Test.TestSuite2"/>
  <system-out/>
</testsuite> <!-- before_Test_After_Test.TestSuite2 -->
