<?xml version="1.0" encoding="UTF-8"?>
<!-- Generated by org.testng.reporters.JUnitReportReporter -->
<testsuite skipped="0" hostname="SYSTEM" name="before_Test_After_Test.Test_For_Chrome" tests="1" failures="0" timestamp="2022-12-28T13:05:34 GMT+10:00" time="0.001" errors="0">
  <testcase name="Login" time="0.001" classname="before_Test_After_Test.Test_For_Chrome"/>
  <system-out/>
</testsuite> <!-- before_Test_After_Test.Test_For_Chrome -->
