<?xml version="1.0" encoding="UTF-8"?>
<!-- Generated by org.testng.reporters.JUnitReportReporter -->
<testsuite skipped="0" hostname="SYSTEM" name="before_Test_After_Test.TestSuite1" tests="4" failures="0" timestamp="2022-12-28T13:05:34 GMT+10:00" time="0.013" errors="0">
  <testcase name="tc0004" time="0.002" classname="before_Test_After_Test.TestSuite1"/>
  <system-out/>
  <testcase name="tc0003" time="0.001" classname="before_Test_After_Test.TestSuite1"/>
  <system-out/>
  <testcase name="tc0001" time="0.006" classname="before_Test_After_Test.TestSuite1"/>
  <system-out/>
  <testcase name="tc0002" time="0.004" classname="before_Test_After_Test.TestSuite1"/>
  <system-out/>
</testsuite> <!-- before_Test_After_Test.TestSuite1 -->
